  [1m[35m (0.2ms)[0m  [1m[35mCREATE TABLE "schema_migrations" ("version" varchar NOT NULL PRIMARY KEY) /*application='RateLimiter'*/[0m
  [1m[35m (0.1ms)[0m  [1m[35mCREATE TABLE "ar_internal_metadata" ("key" varchar NOT NULL PRIMARY KEY, "value" varchar, "created_at" datetime(6) NOT NULL, "updated_at" datetime(6) NOT NULL) /*application='RateLimiter'*/[0m
  [1m[36mActiveRecord::SchemaMigration Load (0.4ms)[0m  [1m[34mSELECT "schema_migrations"."version" FROM "schema_migrations" ORDER BY "schema_migrations"."version" ASC /*application='RateLimiter'*/[0m
  [1m[36mActiveRecord::SchemaMigration Load (0.1ms)[0m  [1m[34mSELECT "schema_migrations"."version" FROM "schema_migrations" ORDER BY "schema_migrations"."version" ASC /*application='RateLimiter'*/[0m
Started GET "/" for 127.0.0.1 at 2026-03-28 13:05:18 -0400
  [1m[36mActiveRecord::SchemaMigration Load (0.1ms)[0m  [1m[34mSELECT "schema_migrations"."version" FROM "schema_migrations" ORDER BY "schema_migrations"."version" ASC /*application='RateLimiter'*/[0m
Started GET "/favicon.ico" for 127.0.0.1 at 2026-03-28 13:05:18 -0400
Started GET "/" for ::1 at 2026-03-28 13:06:12 -0400
Started GET "/" for ::1 at 2026-03-28 13:06:36 -0400
Processing by Rails::WelcomeController#index as */*
  Rendering /Users/nihshankluray/.rbenv/versions/3.4.6/lib/ruby/gems/3.4.0/gems/railties-8.1.3/lib/rails/templates/rails/welcome/index.html.erb
  Rendered /Users/nihshankluray/.rbenv/versions/3.4.6/lib/ruby/gems/3.4.0/gems/railties-8.1.3/lib/rails/templates/rails/welcome/index.html.erb (Duration: 0.2ms | GC: 0.0ms)
Completed 200 OK in 11ms (Views: 3.0ms | ActiveRecord: 0.0ms (0 queries, 0 cached) | GC: 0.0ms)


Started GET "/" for ::1 at 2026-03-28 13:09:01 -0400
Started GET "/favicon.ico" for ::1 at 2026-03-28 13:09:01 -0400
Started GET "/" for ::1 at 2026-03-28 13:13:48 -0400
Processing by ApiController#index as */*
Completed 200 OK in 0ms (Views: 0.1ms | ActiveRecord: 0.0ms (0 queries, 0 cached) | GC: 0.0ms)


Started GET "/" for ::1 at 2026-03-28 13:13:51 -0400
Processing by ApiController#index as */*
Completed 200 OK in 0ms (Views: 0.0ms | ActiveRecord: 0.0ms (0 queries, 0 cached) | GC: 0.0ms)


Started GET "/" for ::1 at 2026-03-28 13:13:52 -0400
Processing by ApiController#index as */*
Completed 200 OK in 0ms (Views: 0.0ms | ActiveRecord: 0.0ms (0 queries, 0 cached) | GC: 0.0ms)


Started GET "/" for ::1 at 2026-03-28 13:13:53 -0400
Processing by ApiController#index as */*
Completed 200 OK in 0ms (Views: 0.0ms | ActiveRecord: 0.0ms (0 queries, 0 cached) | GC: 0.0ms)


Started GET "/" for ::1 at 2026-03-28 13:13:54 -0400
Processing by ApiController#index as */*
Completed 200 OK in 0ms (Views: 0.0ms | ActiveRecord: 0.0ms (0 queries, 0 cached) | GC: 0.0ms)


Started GET "/" for ::1 at 2026-03-28 13:13:54 -0400
Processing by ApiController#index as */*
Completed 200 OK in 0ms (Views: 0.0ms | ActiveRecord: 0.0ms (0 queries, 0 cached) | GC: 0.0ms)


Started GET "/" for ::1 at 2026-03-28 13:13:55 -0400
Processing by ApiController#index as */*
Completed 200 OK in 0ms (Views: 0.0ms | ActiveRecord: 0.0ms (0 queries, 0 cached) | GC: 0.0ms)


Started GET "/" for ::1 at 2026-03-28 13:13:56 -0400
Processing by ApiController#index as */*
Completed 200 OK in 0ms (Views: 0.0ms | ActiveRecord: 0.0ms (0 queries, 0 cached) | GC: 0.0ms)


Started GET "/" for ::1 at 2026-03-28 13:13:57 -0400
Processing by ApiController#index as */*
Completed 200 OK in 0ms (Views: 0.0ms | ActiveRecord: 0.0ms (0 queries, 0 cached) | GC: 0.0ms)


Started GET "/" for ::1 at 2026-03-28 13:13:57 -0400
Processing by ApiController#index as */*
Completed 200 OK in 0ms (Views: 0.1ms | ActiveRecord: 0.0ms (0 queries, 0 cached) | GC: 0.0ms)


Started GET "/" for ::1 at 2026-03-28 13:13:58 -0400
Started GET "/" for ::1 at 2026-03-28 13:14:00 -0400
